# JRE version: Java(TM) SE Runtime Environment (21.0.8+12) (build 21.0.8+12-LTS-250)
# Java VM: Java HotSpot(TM) 64-Bit Server VM (21.0.8+12-LTS-250, mixed mode, emulated-client, sharing, tiered, compressed oops, compressed class ptrs, g1 gc, bsd-aarch64)
GC Precious Log:
 CardTable entry size: 512
 Card Set container configuration: InlinePtr #cards 4 size 8 Array Of Cards #cards 16 size 48 Howl #buckets 8 coarsen threshold 3686 Howl Bitmap #cards 512 size 80 coarsen threshold 460 Card regions per heap region 1 cards per card region 4096
 CPUs: 8 total, 8 available
 Memory: 16384M
 Large Page Support: Disabled
 NUMA Support: Disabled
 Compressed Oops: Enabled (Zero based)
 Heap Region Size: 2M
 Heap Min Capacity: 8M
 Heap Initial Capacity: 256M
 Heap Max Capacity: 4G
 Pre-touch: Disabled
 Parallel Workers: 8
 Concurrent Workers: 2
 Concurrent Refinement Workers: 8
 Periodic GC: Disabled
Heap:
 garbage-first heap   total 221184K, used 169051K [0x0000000700000000, 0x0000000800000000)
  region size 2048K, 35 young (71680K), 0 survivors (0K)
 Metaspace       used 119083K, committed 120512K, reserved 1179648K
  class space    used 16506K, committed 17152K, reserved 1048576K
GC Heap History (20 events):
Event: 51.663 GC heap before
{Heap before GC invocations=49 (full 2):
 garbage-first heap   total 221184K, used 187636K [0x0000000700000000, 0x0000000800000000)
  region size 2048K, 53 young (108544K), 4 survivors (8192K)
 Metaspace       used 115846K, committed 117120K, reserved 1179648K
  class space    used 16189K, committed 16768K, reserved 1048576K
}
Event: 51.669 GC heap after
{Heap after GC invocations=50 (full 2):
 garbage-first heap   total 221184K, used 93976K [0x0000000700000000, 0x0000000800000000)
  region size 2048K, 6 young (12288K), 6 survivors (12288K)
 Metaspace       used 115846K, committed 117120K, reserved 1179648K
  class space    used 16189K, committed 16768K, reserved 1048576K
}
Event: 52.096 GC heap before
{Heap before GC invocations=51 (full 2):
 garbage-first heap   total 221184K, used 192280K [0x0000000700000000, 0x0000000800000000)
  region size 2048K, 54 young (110592K), 6 survivors (12288K)
 Metaspace       used 116615K, committed 118016K, reserved 1179648K
  class space    used 16253K, committed 16896K, reserved 1048576K
}
Event: 52.102 GC heap after
{Heap after GC invocations=52 (full 2):
 garbage-first heap   total 221184K, used 98646K [0x0000000700000000, 0x0000000800000000)
  region size 2048K, 5 young (10240K), 5 survivors (10240K)
 Metaspace       used 116615K, committed 118016K, reserved 1179648K
  class space    used 16253K, committed 16896K, reserved 1048576K
}
Event: 52.528 GC heap before
{Heap before GC invocations=52 (full 2):
 garbage-first heap   total 221184K, used 192854K [0x0000000700000000, 0x0000000800000000)
  region size 2048K, 51 young (104448K), 5 survivors (10240K)
 Metaspace       used 117678K, committed 119104K, reserved 1179648K
  class space    used 16352K, committed 17024K, reserved 1048576K
}
Event: 52.535 GC heap after
{Heap after GC invocations=53 (full 2):
 garbage-first heap   total 221184K, used 103332K [0x0000000700000000, 0x0000000800000000)
  region size 2048K, 6 young (12288K), 6 survivors (12288K)
 Metaspace       used 117678K, committed 119104K, reserved 1179648K
  class space    used 16352K, committed 17024K, reserved 1048576K
}
Event: 52.944 GC heap before
{Heap before GC invocations=53 (full 2):
 garbage-first heap   total 221184K, used 191396K [0x0000000700000000, 0x0000000800000000)
  region size 2048K, 49 young (100352K), 6 survivors (12288K)
 Metaspace       used 117712K, committed 119104K, reserved 1179648K
  class space    used 16355K, committed 17024K, reserved 1048576K
}
Event: 52.950 GC heap after
{Heap after GC invocations=54 (full 2):
 garbage-first heap   total 221184K, used 107002K [0x0000000700000000, 0x0000000800000000)
  region size 2048K, 5 young (10240K), 5 survivors (10240K)
 Metaspace       used 117712K, committed 119104K, reserved 1179648K
  class space    used 16355K, committed 17024K, reserved 1048576K
}
Event: 58.956 GC heap before
{Heap before GC invocations=55 (full 2):
 garbage-first heap   total 221184K, used 193018K [0x0000000700000000, 0x0000000800000000)
  region size 2048K, 47 young (96256K), 5 survivors (10240K)
 Metaspace       used 118045K, committed 119488K, reserved 1179648K
  class space    used 16403K, committed 17088K, reserved 1048576K
}
Event: 58.992 GC heap after
{Heap after GC invocations=56 (full 2):
 garbage-first heap   total 221184K, used 109719K [0x0000000700000000, 0x0000000800000000)
  region size 2048K, 4 young (8192K), 4 survivors (8192K)
 Metaspace       used 118045K, committed 119488K, reserved 1179648K
  class space    used 16403K, committed 17088K, reserved 1048576K
}
Event: 118.931 GC heap before
{Heap before GC invocations=56 (full 2):
 garbage-first heap   total 221184K, used 144535K [0x0000000700000000, 0x0000000800000000)
  region size 2048K, 22 young (45056K), 4 survivors (8192K)
 Metaspace       used 118137K, committed 119552K, reserved 1179648K
  class space    used 16424K, committed 17088K, reserved 1048576K
}
Event: 118.952 GC heap after
{Heap after GC invocations=57 (full 2):
 garbage-first heap   total 221184K, used 110788K [0x0000000700000000, 0x0000000800000000)
  region size 2048K, 3 young (6144K), 3 survivors (6144K)
 Metaspace       used 118137K, committed 119552K, reserved 1179648K
  class space    used 16424K, committed 17088K, reserved 1048576K
}
Event: 133.007 GC heap before
{Heap before GC invocations=58 (full 2):
 garbage-first heap   total 221184K, used 121028K [0x0000000700000000, 0x0000000800000000)
  region size 2048K, 9 young (18432K), 3 survivors (6144K)
 Metaspace       used 117542K, committed 119616K, reserved 1179648K
  class space    used 16280K, committed 17088K, reserved 1048576K
}
Event: 133.197 GC heap after
{Heap after GC invocations=59 (full 3):
 garbage-first heap   total 221184K, used 94395K [0x0000000700000000, 0x0000000800000000)
  region size 2048K, 0 young (0K), 0 survivors (0K)
 Metaspace       used 117542K, committed 119616K, reserved 1179648K
  class space    used 16280K, committed 17088K, reserved 1048576K
}
Event: 134.273 GC heap before
{Heap before GC invocations=59 (full 3):
 garbage-first heap   total 221184K, used 198843K [0x0000000700000000, 0x0000000800000000)
  region size 2048K, 51 young (104448K), 0 survivors (0K)
 Metaspace       used 117559K, committed 119616K, reserved 1179648K
  class space    used 16285K, committed 17088K, reserved 1048576K
}
Event: 134.276 GC heap after
{Heap after GC invocations=60 (full 3):
 garbage-first heap   total 221184K, used 101200K [0x0000000700000000, 0x0000000800000000)
  region size 2048K, 4 young (8192K), 4 survivors (8192K)
 Metaspace       used 117559K, committed 119616K, reserved 1179648K
  class space    used 16285K, committed 17088K, reserved 1048576K
}
Event: 134.602 GC heap before
{Heap before GC invocations=60 (full 3):
 garbage-first heap   total 221184K, used 191312K [0x0000000700000000, 0x0000000800000000)
  region size 2048K, 48 young (98304K), 4 survivors (8192K)
 Metaspace       used 117622K, committed 119616K, reserved 1179648K
  class space    used 16292K, committed 17088K, reserved 1048576K
}
Event: 134.606 GC heap after
{Heap after GC invocations=61 (full 3):
 garbage-first heap   total 221184K, used 105621K [0x0000000700000000, 0x0000000800000000)
  region size 2048K, 3 young (6144K), 3 survivors (6144K)
 Metaspace       used 117622K, committed 119616K, reserved 1179648K
  class space    used 16292K, committed 17088K, reserved 1048576K
}
Event: 165.382 GC heap before
{Heap before GC invocations=61 (full 3):
 garbage-first heap   total 221184K, used 144533K [0x0000000700000000, 0x0000000800000000)
  region size 2048K, 23 young (47104K), 3 survivors (6144K)
 Metaspace       used 118225K, committed 119872K, reserved 1179648K
  class space    used 16379K, committed 17152K, reserved 1048576K
}
Event: 165.662 GC heap after
{Heap after GC invocations=62 (full 4):
 garbage-first heap   total 221184K, used 101467K [0x0000000700000000, 0x0000000800000000)
  region size 2048K, 0 young (0K), 0 survivors (0K)
 Metaspace       used 118225K, committed 119872K, reserved 1179648K
  class space    used 16379K, committed 17152K, reserved 1048576K
}

